#
# There is insufficient memory for the Java Runtime Environment to continue.
# Native memory allocation (mmap) failed to map 65011712 bytes for G1 virtual space
# Possible reasons:
#   The system is out of physical RAM or swap space
#   The process is running with CompressedOops enabled, and the Java Heap may be blocking the growth of the native heap
# Possible solutions:
#   Reduce memory load on the system
#   Increase physical memory or swap space
#   Check if swap backing store is full
#   Decrease Java heap size (-Xmx/-Xms)
#   Decrease number of Java threads
#   Decrease Java thread stack sizes (-Xss)
#   Set larger code cache with -XX:ReservedCodeCacheSize=
#   JVM is running with Unscaled Compressed Oops mode in which the Java heap is
#     placed in the first 4GB address space. The Java Heap base address is the
#     maximum limit for the native heap growth. Please use -XX:HeapBaseMinAddress
#     to set the Java Heap base and to place the Java Heap above 4GB virtual address.
# This output file may be truncated or incomplete.
#
#  Out of Memory Error (os_windows.cpp:3604), pid=17824, tid=6040
#
# JRE version:  (21.0.11+9) (build )
# Java VM: Java HotSpot(TM) 64-Bit Server VM (21.0.11+9-LTS-211, mixed mode, sharing, tiered, compressed oops, compressed class ptrs, g1 gc, windows-amd64)
# No core dump will be written. Minidumps are not enabled by default on client versions of Windows
#

---------------  S U M M A R Y ------------

Command Line: -ea -Dfile.encoding=UTF-8 -Dstdout.encoding=UTF-8 -Dstderr.encoding=UTF-8 -XX:+ShowCodeDetailsInExceptionMessages org.testng.remote.RemoteTestNG -serport 52733 -protocol json -d C:\Users\joelj\eclipse-workspace\PetStoreAutomation\test-output C:\Users\joelj\eclipse-workspace\PetStoreAutomation\testng.xml

Host: Intel(R) Core(TM) i5-8250U CPU @ 1.60GHz, 8 cores, 3G,  Windows 11 , 64 bit Build 26100 (10.0.26100.8521)
Time: Mon Jun 29 17:36:18 2026 India Standard Time elapsed time: 2.048899 seconds (0d 0h 0m 2s)

---------------  T H R E A D  ---------------

Current thread (0x0000018fe1176830):  JavaThread "Unknown thread" [_thread_in_vm, id=6040, stack(0x000000645ae00000,0x000000645af00000) (1024K)]

Stack: [0x000000645ae00000,0x000000645af00000]
Native frames: (J=compiled Java code, j=interpreted, Vv=VM code, C=native code)
V  [jvm.dll+0x6d0ef9]
V  [jvm.dll+0x860126]
V  [jvm.dll+0x86261e]
V  [jvm.dll+0x862cf3]
V  [jvm.dll+0x282bc6]
V  [jvm.dll+0x6cd7a5]
V  [jvm.dll+0x6c232a]
V  [jvm.dll+0x35bfb8]
V  [jvm.dll+0x363c76]
V  [jvm.dll+0x3b4d8e]
V  [jvm.dll+0x3b5038]
V  [jvm.dll+0x32fa6c]
V  [jvm.dll+0x3305c1]
V  [jvm.dll+0x82a10e]
V  [jvm.dll+0x3c1d21]
V  [jvm.dll+0x812fda]
V  [jvm.dll+0x454701]
V  [jvm.dll+0x456151]
C  [jli.dll+0x5310]
C  [ucrtbase.dll+0x2cd30]
C  [KERNEL32.DLL+0x2e957]
C  [ntdll.dll+0x87c1c]


---------------  P R O C E S S  ---------------

Threads class SMR info:
_java_thread_list=0x00007ffac4109c88, length=0, elements={
}

Java Threads: ( => current thread )
Total: 0

Other Threads:
  0x0000018fe34e8f40 WorkerThread "GC Thread#0"                     [id=16180, stack(0x000000645af00000,0x000000645b000000) (1024K)]
  0x0000018fe34f28c0 ConcurrentGCThread "G1 Main Marker"            [id=10540, stack(0x000000645b000000,0x000000645b100000) (1024K)]
  0x0000018fe34f4690 WorkerThread "G1 Conc#0"                       [id=12672, stack(0x000000645b100000,0x000000645b200000) (1024K)]

[error occurred during error reporting (printing all threads), id 0xc0000005, EXCEPTION_ACCESS_VIOLATION (0xc0000005) at pc=0x00007ffac38726f7]
VM state: not at safepoint (not fully initialized)

VM Mutex/Monitor currently owned by a thread:  ([mutex/lock_event])
[0x00007ffac417b050] Heap_lock - owner thread: 0x0000018fe1176830

Heap address: 0x00000000c2000000, size: 992 MB, Compressed Oops mode: 32-bit

CDS archive(s) mapped at: [0x0000000000000000-0x0000000000000000-0x0000000000000000), size 0, SharedBaseAddress: 0x0000000800000000, ArchiveRelocationMode: 1.
Narrow klass base: 0x0000000000000000, Narrow klass shift: 0, Narrow klass range: 0x0

GC Precious Log:
 CardTable entry size: 512
 Card Set container configuration: InlinePtr #cards 5 size 8 Array Of Cards #cards 12 size 40 Howl #buckets 4 coarsen threshold 1843 Howl Bitmap #cards 512 size 80 coarsen threshold 460 Card regions per heap region 1 cards per card region 2048

Heap:
 garbage-first heap   total 0K, used 0K [0x00000000c2000000, 0x0000000100000000)
  region size 1024K, 0 young (0K), 0 survivors (0K)

[error occurred during error reporting (printing heap information), id 0xc0000005, EXCEPTION_ACCESS_VIOLATION (0xc0000005) at pc=0x00007ffac3c5afd9]
GC Heap History (0 events):
No events

Dll operation events (1 events):
Event: 0.019 Loaded shared library C:\Program Files\Java\jdk-21.0.11\bin\java.dll

Deoptimization events (0 events):
No events

Classes loaded (0 events):
No events

Classes unloaded (0 events):
No events

Classes redefined (0 events):
No events

Internal exceptions (0 events):
No events

ZGC Phase Switch (0 events):
No events

VM Operations (0 events):
No events

Events (0 events):
No events


Dynamic libraries:
0x00007ff6f7870000 - 0x00007ff6f7880000 	C:\Program Files\Java\jdk-21.0.11\bin\javaw.exe
0x00007ffae4680000 - 0x00007ffae48e6000 	C:\WINDOWS\SYSTEM32\ntdll.dll
0x00007ffae3590000 - 0x00007ffae3659000 	C:\WINDOWS\System32\KERNEL32.DLL
0x00007ffae1bc0000 - 0x00007ffae1fba000 	C:\WINDOWS\System32\KERNELBASE.dll
0x00007ffae1a70000 - 0x00007ffae1bbc000 	C:\WINDOWS\System32\ucrtbase.dll
0x00007ffac4350000 - 0x00007ffac436e000 	C:\Program Files\Java\jdk-21.0.11\bin\VCRUNTIME140.dll
0x00007ffac4370000 - 0x00007ffac4389000 	C:\Program Files\Java\jdk-21.0.11\bin\jli.dll
0x00007ffae4070000 - 0x00007ffae4126000 	C:\WINDOWS\System32\ADVAPI32.dll
0x00007ffae33c0000 - 0x00007ffae3469000 	C:\WINDOWS\System32\msvcrt.dll
0x00007ffae4340000 - 0x00007ffae43ea000 	C:\WINDOWS\System32\sechost.dll
0x00007ffae3470000 - 0x00007ffae3588000 	C:\WINDOWS\System32\RPCRT4.dll
0x00007ffae31b0000 - 0x00007ffae3377000 	C:\WINDOWS\System32\USER32.dll
0x00007ffad1200000 - 0x00007ffad1492000 	C:\WINDOWS\WinSxS\amd64_microsoft.windows.common-controls_6595b64144ccf1df_6.0.26100.8521_none_3e08b75ce33403b3\COMCTL32.dll
0x00007ffae1a40000 - 0x00007ffae1a67000 	C:\WINDOWS\System32\win32u.dll
0x00007ffae4130000 - 0x00007ffae415b000 	C:\WINDOWS\System32\GDI32.dll
0x00007ffae1910000 - 0x00007ffae1a3b000 	C:\WINDOWS\System32\gdi32full.dll
0x00007ffae2200000 - 0x00007ffae22a3000 	C:\WINDOWS\System32\msvcp_win.dll
0x00007ffad8580000 - 0x00007ffad858b000 	C:\WINDOWS\SYSTEM32\VERSION.dll
0x00007ffae3380000 - 0x00007ffae33b2000 	C:\WINDOWS\System32\IMM32.DLL
0x00007ffac8ec0000 - 0x00007ffac8ecc000 	C:\Program Files\Java\jdk-21.0.11\bin\vcruntime140_1.dll
0x00007ffac4260000 - 0x00007ffac42ed000 	C:\Program Files\Java\jdk-21.0.11\bin\msvcp140.dll
0x00007ffac3530000 - 0x00007ffac4258000 	C:\Program Files\Java\jdk-21.0.11\bin\server\jvm.dll
0x00007ffae4590000 - 0x00007ffae4610000 	C:\WINDOWS\System32\WS2_32.dll
0x00007ffae1790000 - 0x00007ffae17ee000 	C:\WINDOWS\SYSTEM32\POWRPROF.dll
0x00007ffad35d0000 - 0x00007ffad3606000 	C:\WINDOWS\SYSTEM32\WINMM.dll
0x00007ffae1770000 - 0x00007ffae1784000 	C:\WINDOWS\SYSTEM32\UMPDC.dll
0x00007ffae06a0000 - 0x00007ffae06bb000 	C:\WINDOWS\SYSTEM32\kernel.appcore.dll
0x00007ffac7820000 - 0x00007ffac782a000 	C:\Program Files\Java\jdk-21.0.11\bin\jimage.dll
0x00007ffadf110000 - 0x00007ffadf352000 	C:\WINDOWS\SYSTEM32\DBGHELP.DLL
0x00007ffae3820000 - 0x00007ffae3ba3000 	C:\WINDOWS\System32\combase.dll
0x00007ffae25d0000 - 0x00007ffae26a9000 	C:\WINDOWS\System32\OLEAUT32.dll
0x00007ffad1c70000 - 0x00007ffad1cab000 	C:\WINDOWS\SYSTEM32\dbgcore.DLL
0x00007ffae2340000 - 0x00007ffae23e8000 	C:\WINDOWS\System32\bcryptPrimitives.dll
0x00007ffac3490000 - 0x00007ffac34b1000 	C:\Program Files\Java\jdk-21.0.11\bin\java.dll

dbghelp: loaded successfully - version: 4.0.5 - missing functions: none
symbol engine: initialized successfully - sym options: 0x614 - pdb path: .;C:\Program Files\Java\jdk-21.0.11\bin;C:\WINDOWS\SYSTEM32;C:\WINDOWS\WinSxS\amd64_microsoft.windows.common-controls_6595b64144ccf1df_6.0.26100.8521_none_3e08b75ce33403b3;C:\Program Files\Java\jdk-21.0.11\bin\server

VM Arguments:
jvm_args: -ea -Dfile.encoding=UTF-8 -Dstdout.encoding=UTF-8 -Dstderr.encoding=UTF-8 -XX:+ShowCodeDetailsInExceptionMessages 
java_command: org.testng.remote.RemoteTestNG -serport 52733 -protocol json -d C:\Users\joelj\eclipse-workspace\PetStoreAutomation\test-output C:\Users\joelj\eclipse-workspace\PetStoreAutomation\testng.xml
java_class_path (initial): C:\Users\joelj\Downloads\eclipse-java-2026-03-R-win32-x86_64\eclipse\configuration\org.eclipse.osgi\536\0\.cp\lib\testng-remote.jar;C:\Users\joelj\eclipse-workspace\PetStoreAutomation\target\test-classes;C:\Users\joelj\eclipse-workspace\PetStoreAutomation\target\classes;C:\Users\joelj\.m2\repository\io\rest-assured\rest-assured\5.1.1\rest-assured-5.1.1.jar;C:\Users\joelj\.m2\repository\org\apache\groovy\groovy\4.0.1\groovy-4.0.1.jar;C:\Users\joelj\.m2\repository\org\apache\groovy\groovy-xml\4.0.1\groovy-xml-4.0.1.jar;C:\Users\joelj\.m2\repository\org\apache\httpcomponents\httpclient\4.5.13\httpclient-4.5.13.jar;C:\Users\joelj\.m2\repository\org\apache\httpcomponents\httpcore\4.4.13\httpcore-4.4.13.jar;C:\Users\joelj\.m2\repository\commons-logging\commons-logging\1.2\commons-logging-1.2.jar;C:\Users\joelj\.m2\repository\org\apache\httpcomponents\httpmime\4.5.13\httpmime-4.5.13.jar;C:\Users\joelj\.m2\repository\org\hamcrest\hamcrest\2.1\hamcrest-2.1.jar;C:\Users\joelj\.m2\repository\org\ccil\cowan\tagsoup\tagsoup\1.2.1\tagsoup-1.2.1.jar;C:\Users\joelj\.m2\repository\io\rest-assured\json-path\5.1.1\json-path-5.1.1.jar;C:\Users\joelj\.m2\repository\org\apache\groovy\groovy-json\4.0.1\groovy-json-4.0.1.jar;C:\Users\joelj\.m2\repository\io\rest-assured\rest-assured-common\5.1.1\rest-assured-common-5.1.1.jar;C:\Users\joelj\.m2\repository\io\rest-assured\xml-path\5.1.1\xml-path-5.1.1.jar;C:\Users\joelj\.m2\repository\org\json\json\20231013\json-20231013.jar;C:\Users\joelj\.m2\repository\org\testng\testng\7.7.1\testng-7.7.1.jar;C:\Users\joelj\.m2\repository\org\slf4j\slf4j-api\1.7.36\slf4j-api-1.7.36.jar;C:\Users\joelj\.m2\repository\com\beust\jcommander\1.82\jcommander-1.82.jar;C:\Users\joelj\.m2\repository\org\webjars\jquery\3.6.1\jquery-3.6.1.jar;C:\Users\joelj\.m2\repository\com\github\scribejava\scribejava-apis\8.3.1\scribejava-apis-8.3.1.jar;C:\Users\joelj\.m2\repository\com\github\scribejava\scribejava-core\8.3.1\scribejava-core-8.3.1.jar;C:\Users\joelj\.m2\repository\com\github\scribejava\scribejava-java8\8.3.1\scribejava-java8-8.3.1.jar;C:\Users\joelj\.m2\repository\com\fasterxml\jackson\core\jackson-databind\2.12.3\jackson-databind-2.12.3.jar;C:\Users\joelj\.m2\repository\com\fasterxml\jackson\core\jackson-annotations\2.12.3\jackson-annotations-2.12.3.jar;C:\Users\joelj\.m2\repository\com\fasterxml\jackson\core\jackson-core\2.12.3\jackson-core-2.12.3.jar;C:\Users\joelj\.m2\repository\io\rest-assured\json-schema-validator\5.1.1\json-schema-validator-5.1.1.jar;C:\Users\joelj\.m2\repository\com\github\java-json-tools\json-schema-validator\2.2.14\json-schema-validator-2.2.14.jar;C:\Users\joelj\.m2\repository\com\google\guava\guava\28.2-android\guava-28.2-android.jar;C:\Users\joelj\.m2\repository\com\google\guava\failureaccess\1.0.1\failureaccess-1.0.1.jar;C:\Users\joelj\.m2\repository\com\google\guava\listenablefuture\9999.0-empty-to-avoid-conflict-with-guava\listenablefuture-9999.0-empty-to-avoid-conflict-with-guava.jar;C:\Users\joelj\.m2\repository\org\checkerframework\checker-compat-qual\2.5.5\checker-compat-qual-2.5.5.jar;C:\Users\joelj\.m2\repository\com\google\errorprone\error_prone_annotations\2.3.4\error_prone_annotations-2.3.4.jar;C:\Users\joelj\.m2\repository\com\google\j2objc\j2objc-annotations\1.3\j2objc-annotations-1.3.jar;C:\Users\joelj\.m2\repository\com\github\java-json-tools\jackson-coreutils-equivalence\1.0\jackson-coreutils-equivalence-1.0.jar;C:\Users\joelj\.m2\repository\com\github\java-json-tools\jackson-coreutils\2.0\jackson-coreutils-2.0.jar;C:\Users\joelj\.m2\repository\com\github\java-json-tools\msg-simple\1.2\msg-simple-1.2.jar;C:\Users\joelj\.m2\repository\com\github\java-json-tools\btf\1.3\btf-1.3.jar;C:\Users\joelj\.m2\repository\com\github\java-json-tools\json-schema-core\1.2.14\json-schema-core-1.2.14.jar;C:\Users\joelj\.m2\repository\com\github\java-json-tools\uri-template\0.10\uri-template-0.10.jar;C:\Users\joelj\.m2\repository\org\mozilla\rhino\1.7.7.2\rhino-1.7.7.2.jar;C:\Users\joelj\.m2\repository\com\sun\mail\mailapi\1.6.2\mailapi-1.6.2.jar;C:\Users\joelj\.m2\repository\joda-time\joda-time\2.10.5\joda-time-2.10.5.jar;C:\Users\joelj\.m2\repository\com\googlecode\libphonenumber\libphonenumber\8.11.1\libphonenumber-8.11.1.jar;C:\Users\joelj\.m2\repository\com\google\code\findbugs\jsr305\3.0.2\jsr305-3.0.2.jar;C:\Users\joelj\.m2\repository\net\sf\jopt-simple\jopt-simple\5.0.4\jopt-simple-5.0.4.jar;C:\Users\joelj\.m2\repository\com\github\javafaker\javafaker\1.0.2\javafaker-1.0.2.jar;C:\Users\joelj\.m2\repository\org\apache\commons\commons-lang3\3.5\commons-lang3-3.5.jar;C:\Users\joelj\.m2\repository\org\yaml\snakeyaml\1.23\snakeyaml-1.23-android.jar;C:\Users\joelj\.m2\repository\com\github\mifmif\generex\1.0.2\generex-1.0.2.jar;C:\Users\joelj\.m2\repository\dk\brics\automaton\automaton\1.11-8\automaton-1.11-8.jar;C:\Users\joelj\.m2\repository\org\apache\poi\poi\5.2.2\poi-5.2.2.jar;C:\Users\joelj\.m2\repository\commons-codec\commons-codec\1.15\commons-codec-1.15.jar;C:\Users\joelj\.m2\repository\org\apache\commons\commons-collections4\4.4\commons-collections4-4.4.jar;C:\Users\joelj\.m2\repository\org\apache\commons\commons-math3\3.6.1\commons-math3-3.6.1.jar;C:\Users\joelj\.m2\repository\commons-io\commons-io\2.11.0\commons-io-2.11.0.jar;C:\Users\joelj\.m2\repository\com\zaxxer\SparseBitSet\1.2\SparseBitSet-1.2.jar;C:\Users\joelj\.m2\repository\org\apache\logging\log4j\log4j-api\2.17.2\log4j-api-2.17.2.jar;C:\Users\joelj\.m2\repository\org\apache\poi\poi-ooxml\5.2.2\poi-ooxml-5.2.2.jar;C:\Users\joelj\.m2\repository\org\apache\poi\poi-ooxml-lite\5.2.2\poi-ooxml-lite-5.2.2.jar;C:\Users\joelj\.m2\repository\org\apache\xmlbeans\xmlbeans\5.0.3\xmlbeans-5.0.3.jar;C:\Users\joelj\.m2\repository\org\apache\commons\commons-compress\1.21\commons-compress-1.21.jar;C:\Users\joelj\.m2\repository\com\github\virtuald\curvesapi\1.07\curvesapi-1.07.jar;C:\Users\joelj\.m2\repository\com\aventstack\extentreports\5.0.9\extentreports-5.0.9.jar;C:\Users\joelj\.m2\repository\io\reactivex\rxjava3\rxjava\3.0.4\rxjava-3.0.4.jar;C:\Users\joelj\.m2\repository\org\reactivestreams\reactive-streams\1.0.3\reactive-streams-1.0.3.jar;C:\Users\joelj\.m2\repository\org\freemarker\freemarker\2.3.30\freemarker-2.3.30.jar;C:\Users\joelj\.m2\repository\org\projectlombok\lombok\1.18.12\lombok-1.18.12.jar;C:\Users\joelj\.m2\repository\com\google\code\gson\gson\2.8.6\gson-2.8.6.jar
Launcher Type: SUN_STANDARD

[Global flags]
     intx CICompilerCount                          = 4                                         {product} {ergonomic}
     uint ConcGCThreads                            = 2                                         {product} {ergonomic}
     uint G1ConcRefinementThreads                  = 8                                         {product} {ergonomic}
   size_t G1HeapRegionSize                         = 1048576                                   {product} {ergonomic}
    uintx GCDrainStackTargetSize                   = 64                                        {product} {ergonomic}
   size_t InitialHeapSize                          = 65011712                                  {product} {ergonomic}
   size_t MarkStackSize                            = 4194304                                   {product} {ergonomic}
   size_t MaxHeapSize                              = 1040187392                                {product} {ergonomic}
   size_t MinHeapDeltaBytes                        = 1048576                                   {product} {ergonomic}
   size_t MinHeapSize                              = 8388608                                   {product} {ergonomic}
    uintx NonNMethodCodeHeapSize                   = 5839372                                {pd product} {ergonomic}
    uintx NonProfiledCodeHeapSize                  = 122909434                              {pd product} {ergonomic}
    uintx ProfiledCodeHeapSize                     = 122909434                              {pd product} {ergonomic}
    uintx ReservedCodeCacheSize                    = 251658240                              {pd product} {ergonomic}
     bool SegmentedCodeCache                       = true                                      {product} {ergonomic}
     bool ShowCodeDetailsInExceptionMessages       = true                                   {manageable} {command line}
   size_t SoftMaxHeapSize                          = 1040187392                             {manageable} {ergonomic}
     bool UseCompressedOops                        = true                           {product lp64_product} {ergonomic}
     bool UseG1GC                                  = true                                      {product} {ergonomic}
     bool UseLargePagesIndividualAllocation        = false                                  {pd product} {ergonomic}

Logging:
Log output configuration:
 #0: stdout all=warning uptime,level,tags foldmultilines=false
 #1: stderr all=off uptime,level,tags foldmultilines=false

Environment Variables:
PATH=C:/Users/joelj/Downloads/eclipse-java-2026-03-R-win32-x86_64/eclipse//plugins/org.eclipse.justj.openjdk.hotspot.jre.full.win32.x86_64_21.0.10.v20260205-0638/jre/bin/server;C:/Users/joelj/Downloads/eclipse-java-2026-03-R-win32-x86_64/eclipse//plugins/org.eclipse.justj.openjdk.hotspot.jre.full.win32.x86_64_21.0.10.v20260205-0638/jre/bin;C:\Program Files\Common Files\Oracle\Java\javapath;C:\Program Files\Rockwell Software\RSCommon;C:\Program Files (x86)\Intel\Intel(R) Management Engine Components\iCLS\;C:\Program Files\Intel\Intel(R) Management Engine Components\iCLS\;C:\WINDOWS\system32;C:\WINDOWS;C:\WINDOWS\System32\Wbem;C:\WINDOWS\System32\WindowsPowerShell\v1.0\;C:\WINDOWS\System32\OpenSSH\;C:\Program Files\Microsoft SQL Server\130\Tools\Binn\;C:\Program Files (x86)\AOMEI\AOMEI Backupper\6.5.1;C:\Program Files\nodejs\;C:\Users\joelj\AppData\Local\Microsoft\WindowsApps;C:\Program Files (x86)\Sophos\Sophos SSL VPN Client\bin;C:\Users\joelj\AppData\Roaming\npm;C:\Users\joelj\Downloads\eclipse-java-2026-03-R-win32-x86_64\eclipse;
USERNAME=joelj
OS=Windows_NT
PROCESSOR_IDENTIFIER=Intel64 Family 6 Model 142 Stepping 10, GenuineIntel
TMP=C:\Users\joelj\AppData\Local\Temp
TEMP=C:\Users\joelj\AppData\Local\Temp




Periodic native trim disabled

---------------  S Y S T E M  ---------------

OS:
 Windows 11 , 64 bit Build 26100 (10.0.26100.8521)
OS uptime: 5 days 18:00 hours

CPU: total 8 (initial active 8) (4 cores per cpu, 2 threads per core) family 6 model 142 stepping 10 microcode 0xe0, cx8, cmov, fxsr, ht, mmx, 3dnowpref, sse, sse2, sse3, ssse3, sse4.1, sse4.2, popcnt, lzcnt, tsc, tscinvbit, avx, avx2, aes, erms, clmul, bmi1, bmi2, adx, fma, vzeroupper, clflush, clflushopt, rdtscp, f16c
Processor Information for all 8 processors :
  Max Mhz: 1801, Current Mhz: 1801, Mhz Limit: 1801

Memory: 4k page, system-wide physical 3962M (394M free)
TotalPageFile size 8058M (AvailPageFile size 47M)
current process WorkingSet (physical memory assigned to process): 12M, peak: 12M
current process commit charge ("private bytes"): 60M, peak: 122M

vm_info: Java HotSpot(TM) 64-Bit Server VM (21.0.11+9-LTS-211) for windows-amd64 JRE (21.0.11+9-LTS-211), built on 2026-03-11T00:23:15Z by "mach5run" with MS VC++ 17.13 (VS2022)

END.
